2025-06-11 07:58:00 | INFO | repo=2017-course-sys-int-activemq-seminar | action=commit
2025-12-20 21:08:00 | WARN | repo=2017-course-sys-int-activemq-seminar | action=commit
2025-01-09 14:30:00 | INFO | repo=2017-course-sys-int-activemq-seminar | action=edit | files=3
2025-09-23 14:02:00 | WARN | repo=2017-course-sys-int-activemq-seminar | action=commit
2025-07-18 07:56:00 | INFO | repo=2017-course-sys-int-activemq-seminar | action=pull
2025-08-07 17:50:00 | INFO | repo=2017-course-sys-int-activemq-seminar | action=commit
2025-04-03 17:50:00 | WARN | repo=2017-course-sys-int-activemq-seminar | action=commit
2025-12-24 07:44:00 | DEBUG | repo=2017-course-sys-int-activemq-seminar | action=commit
2025-04-14 10:26:00 | DEBUG | repo=2017-course-sys-int-activemq-seminar | action=edit | files=2
2025-10-04 20:14:00 | DEBUG | repo=2017-course-sys-int-activemq-seminar | action=commit
2025-09-09 10:56:00 | DEBUG | repo=2017-course-sys-int-activemq-seminar | action=commit
2025-09-27 12:45:00 | DEBUG | repo=2017-course-sys-int-activemq-seminar | action=pull
2025-05-15 13:00:00 | DEBUG | repo=2017-course-sys-int-activemq-seminar | action=commit
2025-04-28 07:49:00 | DEBUG | repo=2017-course-sys-int-activemq-seminar | action=test | passed=true
2025-04-24 07:25:00 | WARN | repo=2017-course-sys-int-activemq-seminar | action=commit
2025-08-23 13:30:00 | WARN | repo=2017-course-sys-int-activemq-seminar | action=edit | files=5
2025-11-22 10:36:00 | DEBUG | repo=2017-course-sys-int-activemq-seminar | action=commit
2025-01-28 15:41:00 | DEBUG | repo=2017-course-sys-int-activemq-seminar | action=commit
2025-05-15 16:31:00 | INFO | repo=2017-course-sys-int-activemq-seminar | action=commit
2025-04-26 20:38:00 | INFO | repo=2017-course-sys-int-activemq-seminar | action=test | passed=true
2025-10-14 07:37:00 | INFO | repo=2017-course-sys-int-activemq-seminar | action=commit
2025-02-28 13:12:00 | WARN | repo=2017-course-sys-int-activemq-seminar | action=commit
2025-06-20 18:53:00 | DEBUG | repo=2017-course-sys-int-activemq-seminar | action=edit | files=2
2025-12-22 07:17:00 | INFO | repo=2017-course-sys-int-activemq-seminar | action=commit
2025-09-08 16:08:00 | DEBUG | repo=2017-course-sys-int-activemq-seminar | action=commit
2025-11-05 13:46:00 | INFO | repo=2017-course-sys-int-activemq-seminar | action=commit
2025-06-10 10:46:00 | WARN | repo=2017-course-sys-int-activemq-seminar | action=commit
2025-09-08 12:01:00 | DEBUG | repo=2017-course-sys-int-activemq-seminar | action=commit
2025-02-09 12:36:00 | INFO | repo=2017-course-sys-int-activemq-seminar | action=commit
